<?xml version="1.0" encoding="UTF-8"?>
<testng-results ignored="0" total="2" passed="1" failed="1" skipped="0">
  <reporter-output>
  </reporter-output>
  <suite started-at="2020-11-07T22:44:40 IST" name="Default suite" finished-at="2020-11-07T22:46:10 IST" duration-ms="90108">
    <groups>
    </groups>
    <test started-at="2020-11-07T22:44:40 IST" name="Default test" finished-at="2020-11-07T22:46:10 IST" duration-ms="90108">
      <class name="com.ui.test.PageTestOneFlipkart">
        <test-method is-config="true" signature="setUpSuit()[pri:0, instance:com.ui.test.PageTestOneFlipkart@a1153bc]" started-at="2020-11-07T22:44:39 IST" name="setUpSuit" finished-at="2020-11-07T22:44:40 IST" duration-ms="372" status="PASS">
          <reporter-output>
          </reporter-output>
        </test-method> <!-- setUpSuit -->
        <test-method is-config="true" signature="launchBrowser()[pri:0, instance:com.ui.test.PageTestOneFlipkart@a1153bc]" started-at="2020-11-07T22:44:40 IST" name="launchBrowser" finished-at="2020-11-07T22:44:57 IST" duration-ms="17302" status="PASS">
          <reporter-output>
          </reporter-output>
        </test-method> <!-- launchBrowser -->
        <test-method signature="flipKartTestPage()[pri:1, instance:com.ui.test.PageTestOneFlipkart@a1153bc]" started-at="2020-11-07T22:44:57 IST" name="flipKartTestPage" finished-at="2020-11-07T22:45:17 IST" duration-ms="19450" status="PASS">
          <reporter-output>
          </reporter-output>
        </test-method> <!-- flipKartTestPage -->
        <test-method signature="Login()[pri:2, instance:com.ui.test.PageTestOneFlipkart@a1153bc]" started-at="2020-11-07T22:45:17 IST" name="Login" finished-at="2020-11-07T22:46:08 IST" duration-ms="51698" status="FAIL">
          <exception class="java.lang.NullPointerException">
            <full-stacktrace>
              <![CDATA[java.lang.NullPointerException
at java.base/java.lang.String.<init>(String.java:269)
at java.base/java.lang.String.valueOf(String.java:3402)
at com.ui.page.PageOneFlipkart.loginFlipkartPage(PageOneFlipkart.java:266)
at com.ui.test.PageTestOneFlipkart.Login(PageTestOneFlipkart.java:30)
at java.base/jdk.internal.reflect.NativeMethodAccessorImpl.invoke0(Native Method)
at java.base/jdk.internal.reflect.NativeMethodAccessorImpl.invoke(NativeMethodAccessorImpl.java:62)
at java.base/jdk.internal.reflect.DelegatingMethodAccessorImpl.invoke(DelegatingMethodAccessorImpl.java:43)
at java.base/java.lang.reflect.Method.invoke(Method.java:564)
at org.testng.internal.MethodInvocationHelper.invokeMethod(MethodInvocationHelper.java:132)
at org.testng.internal.TestInvoker.invokeMethod(TestInvoker.java:599)
at org.testng.internal.TestInvoker.invokeTestMethod(TestInvoker.java:174)
at org.testng.internal.MethodRunner.runInSequence(MethodRunner.java:46)
at org.testng.internal.TestInvoker$MethodInvocationAgent.invoke(TestInvoker.java:822)
at org.testng.internal.TestInvoker.invokeTestMethods(TestInvoker.java:147)
at org.testng.internal.TestMethodWorker.invokeTestMethods(TestMethodWorker.java:146)
at org.testng.internal.TestMethodWorker.run(TestMethodWorker.java:128)
at java.base/java.util.ArrayList.forEach(ArrayList.java:1511)
at org.testng.TestRunner.privateRun(TestRunner.java:764)
at org.testng.TestRunner.run(TestRunner.java:585)
at org.testng.SuiteRunner.runTest(SuiteRunner.java:384)
at org.testng.SuiteRunner.runSequentially(SuiteRunner.java:378)
at org.testng.SuiteRunner.privateRun(SuiteRunner.java:337)
at org.testng.SuiteRunner.run(SuiteRunner.java:286)
at org.testng.SuiteRunnerWorker.runSuite(SuiteRunnerWorker.java:53)
at org.testng.SuiteRunnerWorker.run(SuiteRunnerWorker.java:96)
at org.testng.TestNG.runSuitesSequentially(TestNG.java:1218)
at org.testng.TestNG.runSuitesLocally(TestNG.java:1140)
at org.testng.TestNG.runSuites(TestNG.java:1069)
at org.testng.TestNG.run(TestNG.java:1037)
at org.testng.remote.AbstractRemoteTestNG.run(AbstractRemoteTestNG.java:115)
at org.testng.remote.RemoteTestNG.initAndRun(RemoteTestNG.java:251)
at org.testng.remote.RemoteTestNG.main(RemoteTestNG.java:77)
]]>
            </full-stacktrace>
          </exception> <!-- java.lang.NullPointerException -->
          <reporter-output>
          </reporter-output>
        </test-method> <!-- Login -->
        <test-method is-config="true" signature="closeBrowser()[pri:0, instance:com.ui.test.PageTestOneFlipkart@a1153bc]" started-at="2020-11-07T22:46:09 IST" name="closeBrowser" finished-at="2020-11-07T22:46:10 IST" duration-ms="961" status="PASS">
          <reporter-output>
          </reporter-output>
        </test-method> <!-- closeBrowser -->
      </class> <!-- com.ui.test.PageTestOneFlipkart -->
    </test> <!-- Default test -->
  </suite> <!-- Default suite -->
</testng-results>
